/*C21*/SET SCHEMA PUBLIC
alter table discussion drop constraint FKjdpl2wgaqhcstcoktwoewr421
alter table discussion_comment_list drop constraint FKp0ak6cb9ej1nqgafa9cfvsyiw
alter table discussion_list_of_user_dis_liked drop constraint FK9fkwhg05bmhk1w687kyl8ol29
alter table discussion_list_of_user_liked drop constraint FKq1bj02txb4q86wvi9cqi0fvsv
alter table topic_key_words drop constraint FK1cgekyp5y5us34akwk0yahhwj
alter table topic_list_of_user_dis_liked drop constraint FKbawpmhmyblugyraqq4cs3fa3h
alter table topic_list_of_user_liked drop constraint FKqakr3g2os6we9vc4aec64gjbo
alter table topic_tags drop constraint FK3pb18unxon8eit511o9cary47
drop table chat_message if exists
drop table comment_list_of_user_dis_liked if exists
drop table comment_list_of_user_liked if exists
drop table discussion if exists
drop table discussion_comment_list if exists
drop table discussion_list_of_user_dis_liked if exists
drop table discussion_list_of_user_liked if exists
drop table topic if exists
drop table topic_key_words if exists
drop table topic_list_of_user_dis_liked if exists
drop table topic_list_of_user_liked if exists
drop table topic_tags if exists
create table chat_message (type integer not null, content varchar(255), sender varchar(255), primary key (type))
create table comment_list_of_user_dis_liked (comment_comment_id integer not null, comment_discussion_id integer not null, list_of_user_dis_liked varchar(255))
create table comment_list_of_user_liked (comment_comment_id integer not null, comment_discussion_id integer not null, list_of_user_liked varchar(255))
create table discussion (discussion_id integer not null, topic_id integer not null, date_time bigint not null, message_type integer, post varchar(255), user_name varchar(255), primary key (discussion_id, topic_id))
create table discussion_comment_list (discussion_discussion_id integer not null, discussion_topic_id integer not null, comment_list_comment_id integer not null, comment_list_discussion_id integer not null)
create table discussion_list_of_user_dis_liked (discussion_discussion_id integer not null, discussion_topic_id integer not null, list_of_user_dis_liked varchar(255))
create table discussion_list_of_user_liked (discussion_discussion_id integer not null, discussion_topic_id integer not null, list_of_user_liked varchar(255))
create table topic (topic_id integer generated by default as identity (start with 1), date_time bigint not null, desc varchar(255), message_type integer, subject varchar(255), url varchar(255), username varchar(255), primary key (topic_id))
create table topic_key_words (topic_topic_id integer not null, key_words varchar(255))
create table topic_list_of_user_dis_liked (topic_topic_id integer not null, list_of_user_dis_liked varchar(255))
create table topic_list_of_user_liked (topic_topic_id integer not null, list_of_user_liked varchar(255))
create table topic_tags (topic_topic_id integer not null, tags varchar(255))
alter table discussion_comment_list add constraint UK_aar1pab7ogfvt8r779p9km1np unique (comment_list_comment_id, comment_list_discussion_id)
alter table discussion add constraint FKjdpl2wgaqhcstcoktwoewr421 foreign key (topic_id) references topic
alter table discussion_comment_list add constraint FKp0ak6cb9ej1nqgafa9cfvsyiw foreign key (discussion_discussion_id, discussion_topic_id) references discussion
alter table discussion_list_of_user_dis_liked add constraint FK9fkwhg05bmhk1w687kyl8ol29 foreign key (discussion_discussion_id, discussion_topic_id) references discussion
alter table discussion_list_of_user_liked add constraint FKq1bj02txb4q86wvi9cqi0fvsv foreign key (discussion_discussion_id, discussion_topic_id) references discussion
alter table topic_key_words add constraint FK1cgekyp5y5us34akwk0yahhwj foreign key (topic_topic_id) references topic
alter table topic_list_of_user_dis_liked add constraint FKbawpmhmyblugyraqq4cs3fa3h foreign key (topic_topic_id) references topic
alter table topic_list_of_user_liked add constraint FKqakr3g2os6we9vc4aec64gjbo foreign key (topic_topic_id) references topic
alter table topic_tags add constraint FK3pb18unxon8eit511o9cary47 foreign key (topic_topic_id) references topic
DISCONNECT
/*C20*/SET SCHEMA PUBLIC
DISCONNECT
/*C19*/SET SCHEMA PUBLIC
DISCONNECT
/*C18*/SET SCHEMA PUBLIC
DISCONNECT
/*C17*/SET SCHEMA PUBLIC
DISCONNECT
/*C16*/SET SCHEMA PUBLIC
DISCONNECT
/*C15*/SET SCHEMA PUBLIC
DISCONNECT
/*C14*/SET SCHEMA PUBLIC
DISCONNECT
/*C13*/SET SCHEMA PUBLIC
DISCONNECT
/*C12*/SET SCHEMA PUBLIC
DISCONNECT
